<?xml version="1.0" encoding="UTF-8"?>
<!-- Generated by org.testng.reporters.JUnitReportReporter -->
<testsuite hostname="LAPTOP-HO82ILSL" failures="0" tests="2" name="maven234.groups" time="0.009" errors="0" timestamp="2022-12-14T12:55:32 IST" skipped="0">
  <testcase classname="maven234.groups" name="testcase1" time="0.007"/>
  <system-out/>
  <testcase classname="maven234.groups" name="testcase3" time="0.002"/>
  <system-out/>
</testsuite> <!-- maven234.groups -->
