<?xml version="1.0" encoding="UTF-8"?>
<!-- Generated by org.testng.reporters.JUnitReportReporter -->
<testsuite hostname="LAPTOP-HO82ILSL" failures="0" tests="1" name="maven234.frames" time="1.005" errors="0" timestamp="2022-12-19T10:09:24 IST" skipped="0">
  <testcase classname="maven234.frames" name="f" time="1.005"/>
  <system-out/>
</testsuite> <!-- maven234.frames -->
