<?xml version="1.0" encoding="UTF-8"?>
<!-- Generated by org.testng.reporters.JUnitReportReporter -->
<testsuite hostname="LAPTOP-HO82ILSL" failures="0" tests="1" name="maven234.rahulshetty" time="93.882" errors="0" timestamp="2023-01-04T15:27:04 IST" skipped="0">
  <testcase classname="maven234.rahulshetty" name="f" time="93.882"/>
  <system-out/>
</testsuite> <!-- maven234.rahulshetty -->
