<?xml version="1.0" encoding="UTF-8"?>
<!-- Generated by org.testng.reporters.JUnitReportReporter -->
<testsuite hostname="LAPTOP-HO82ILSL" failures="0" tests="1" name="data.DataDriven" time="68.972" errors="0" timestamp="2023-02-07T13:06:28 IST" skipped="0">
  <testcase classname="data.DataDriven" name="datadriven" time="68.972"/>
  <system-out/>
</testsuite> <!-- data.DataDriven -->
